<?xml version="1.0" encoding="UTF-8"?>
<testng-results skipped="0" failed="0" ignored="0" total="1" passed="1">
  <reporter-output>
  </reporter-output>
  <suite name="TestAll" duration-ms="57326" started-at="2019-10-10T02:24:40Z" finished-at="2019-10-10T02:25:38Z">
    <groups>
    </groups>
    <test name="testService" duration-ms="57326" started-at="2019-10-10T02:24:40Z" finished-at="2019-10-10T02:25:38Z">
      <class name="it.bt.com.testcases.TC_01_001_Registration_New_User">
        <test-method status="PASS" signature="SetupEnv()[pri:0, instance:it.bt.com.testcases.TC_01_001_Registration_New_User@174d20a]" name="SetupEnv" is-config="true" duration-ms="29842" started-at="2019-10-10T02:24:40Z" finished-at="2019-10-10T02:25:10Z">
          <reporter-output>
          </reporter-output>
        </test-method> <!-- SetupEnv -->
        <test-method status="PASS" signature="TC_001_Registration_New_User()[pri:0, instance:it.bt.com.testcases.TC_01_001_Registration_New_User@174d20a]" name="TC_001_Registration_New_User" duration-ms="20493" started-at="2019-10-10T02:25:10Z" finished-at="2019-10-10T02:25:31Z">
          <reporter-output>
          </reporter-output>
        </test-method> <!-- TC_001_Registration_New_User -->
        <test-method status="PASS" signature="TearDown()[pri:0, instance:it.bt.com.testcases.TC_01_001_Registration_New_User@174d20a]" name="TearDown" is-config="true" duration-ms="6977" started-at="2019-10-10T02:25:31Z" finished-at="2019-10-10T02:25:38Z">
          <reporter-output>
          </reporter-output>
        </test-method> <!-- TearDown -->
      </class> <!-- it.bt.com.testcases.TC_01_001_Registration_New_User -->
    </test> <!-- testService -->
  </suite> <!-- TestAll -->
</testng-results>
